<?xml version="1.0" encoding="UTF-8"?>
<!-- Generated by org.testng.reporters.JUnitReportReporter -->
<testsuite hostname="DESKTOP-P6ALU3H" failures="0" tests="1" name="TestNG.filterElement.FilterElementUsingSearchDemo" time="141.904" errors="0" timestamp="2023-06-16T22:08:36 IST" skipped="0">
  <testcase classname="TestNG.filterElement.FilterElementUsingSearchDemo" name="VeriySortedElements" time="141.904"/>
  <system-out/>
</testsuite> <!-- TestNG.filterElement.FilterElementUsingSearchDemo -->
