<?xml version="1.0" encoding="UTF-8"?>
<!-- Generated by org.testng.reporters.JUnitReportReporter -->
<testsuite hostname="DESKTOP-P6ALU3H" failures="0" tests="3" name="TestNG.TestDemo2" time="0.028" errors="0" timestamp="2023-06-08T16:11:08 IST" skipped="0">
  <testcase classname="TestNG.TestDemo2" name="verifyReg" time="0.021"/>
  <system-out/>
  <testcase classname="TestNG.TestDemo2" name="verifyLoggin" time="0.002"/>
  <system-out/>
  <testcase classname="TestNG.TestDemo2" name="verifyLogout" time="0.005"/>
  <system-out/>
</testsuite> <!-- TestNG.TestDemo2 -->
