<?xml version="1.0" encoding="UTF-8"?>
<!-- Generated by org.testng.reporters.JUnitReportReporter -->
<testsuite hostname="DESKTOP-P6ALU3H" failures="0" tests="3" name="TestNG.TestDemo4" time="0.033" errors="0" timestamp="2023-06-08T16:34:03 IST" skipped="0">
  <testcase classname="TestNG.TestDemo4" name="reg" time="0.007"/>
  <system-out/>
  <testcase classname="TestNG.TestDemo4" name="login" time="0.022"/>
  <system-out/>
  <testcase classname="TestNG.TestDemo4" name="logout" time="0.004"/>
  <system-out/>
</testsuite> <!-- TestNG.TestDemo4 -->
